2025-12-16 03:37:01 in {"event":"PAYMENT_CREATED","paymentId":"pay_b0bz9c2obzveq3qc","status":"PENDING","subscription":"sub_k5qe22onejfk1sy6"}
2025-12-16 03:37:01 fatal {"err":"SQLSTATE[HY000]: General error: 1364 Field 'value' doesn't have a default value"}
2025-12-16 03:37:01 in {"event":"PAYMENT_BANK_SLIP_VIEWED","paymentId":"pay_b0bz9c2obzveq3qc","status":"PENDING","subscription":"sub_k5qe22onejfk1sy6"}
2025-12-16 03:37:01 fatal {"err":"SQLSTATE[HY000]: General error: 1364 Field 'value' doesn't have a default value"}
2025-12-16 03:37:01 in {"event":"PAYMENT_CHECKOUT_VIEWED","paymentId":"pay_b0bz9c2obzveq3qc","status":"PENDING","subscription":"sub_k5qe22onejfk1sy6"}
2025-12-16 03:37:01 fatal {"err":"SQLSTATE[HY000]: General error: 1364 Field 'value' doesn't have a default value"}
2025-12-16 03:37:01 missing_payment {"event":"SUBSCRIPTION_CREATED","payload":{"id":"evt_6561b631fa5580caadd00bbe3b858607&13203162","event":"SUBSCRIPTION_CREATED","dateCreated":"2025-12-15 03:04:23","subscription":{"object":"subscription","id":"sub_k5qe22onejfk1sy6","dateCreated":"15/12/2025","customer":"cus_000006966387","paymentLink":null,"value":39.9,"nextDueDate":"16/02/2026","cycle":"MONTHLY","description":null,"billingType":"BOLETO","deleted":false,"status":"ACTIVE","externalReference":null,"checkoutSession":null,"sendPaymentByPostalService":false,"fine":{"value":0,"type":"FIXED"},"interest":{"value":0,"type":"PERCENTAGE"},"split":null}}}
2025-12-16 03:37:01 in {"event":"PAYMENT_CREATED","paymentId":"pay_3vu5fh5l8dd3r0kt","status":"PENDING","subscription":"sub_k5qe22onejfk1sy6"}
2025-12-16 03:37:01 fatal {"err":"SQLSTATE[HY000]: General error: 1364 Field 'value' doesn't have a default value"}
2025-12-16 03:37:01 missing_payment {"event":"SUBSCRIPTION_CREATED","payload":{"id":"evt_6561b631fa5580caadd00bbe3b858607&13210976","event":"SUBSCRIPTION_CREATED","dateCreated":"2025-12-15 23:52:09","subscription":{"object":"subscription","id":"sub_ebyr7rgyfyqecwv5","dateCreated":"15/12/2025","customer":"cus_000006966387","paymentLink":null,"value":199.41,"nextDueDate":"17/01/2026","cycle":"MONTHLY","description":null,"billingType":"BOLETO","deleted":false,"status":"ACTIVE","externalReference":null,"checkoutSession":null,"sendPaymentByPostalService":false,"fine":{"value":0,"type":"FIXED"},"interest":{"value":0,"type":"PERCENTAGE"},"split":null}}}
2025-12-16 03:37:01 in {"event":"PAYMENT_CREATED","paymentId":"pay_mx14fuush0v5fgxx","status":"PENDING","subscription":"sub_ebyr7rgyfyqecwv5"}
2025-12-16 03:37:01 fatal {"err":"SQLSTATE[HY000]: General error: 1364 Field 'value' doesn't have a default value"}
2025-12-16 03:37:01 missing_payment {"event":"SUBSCRIPTION_CREATED","payload":{"id":"evt_6561b631fa5580caadd00bbe3b858607&13213217","event":"SUBSCRIPTION_CREATED","dateCreated":"2025-12-16 00:20:32","subscription":{"object":"subscription","id":"sub_xsav0p2t5ildyl6v","dateCreated":"16/12/2025","customer":"cus_000006966387","paymentLink":null,"value":119.69,"nextDueDate":"17/01/2026","cycle":"MONTHLY","description":null,"billingType":"BOLETO","deleted":false,"status":"ACTIVE","externalReference":null,"checkoutSession":null,"sendPaymentByPostalService":false,"fine":{"value":0,"type":"FIXED"},"interest":{"value":0,"type":"PERCENTAGE"},"split":null}}}
2025-12-16 03:37:01 in {"event":"PAYMENT_BANK_SLIP_VIEWED","paymentId":"pay_mx14fuush0v5fgxx","status":"PENDING","subscription":"sub_ebyr7rgyfyqecwv5"}
2025-12-16 03:37:01 fatal {"err":"SQLSTATE[HY000]: General error: 1364 Field 'value' doesn't have a default value"}
2025-12-16 03:37:01 in {"event":"PAYMENT_CHECKOUT_VIEWED","paymentId":"pay_mx14fuush0v5fgxx","status":"PENDING","subscription":"sub_ebyr7rgyfyqecwv5"}
2025-12-16 03:37:01 fatal {"err":"SQLSTATE[HY000]: General error: 1364 Field 'value' doesn't have a default value"}
2025-12-16 03:37:01 in {"event":"PAYMENT_RECEIVED","paymentId":"pay_mx14fuush0v5fgxx","status":"RECEIVED","subscription":"sub_ebyr7rgyfyqecwv5"}
2025-12-16 03:37:01 fatal {"err":"SQLSTATE[HY000]: General error: 1364 Field 'value' doesn't have a default value"}
2025-12-16 03:37:02 in {"event":"PAYMENT_CREATED","paymentId":"pay_voblj0be9s0px91m","status":"PENDING","subscription":"sub_xsav0p2t5ildyl6v"}
2025-12-16 03:37:02 fatal {"err":"SQLSTATE[HY000]: General error: 1364 Field 'value' doesn't have a default value"}
2025-12-16 03:37:02 in {"event":"PAYMENT_RECEIVED","paymentId":"pay_voblj0be9s0px91m","status":"RECEIVED","subscription":"sub_xsav0p2t5ildyl6v"}
2025-12-16 03:37:02 fatal {"err":"SQLSTATE[HY000]: General error: 1364 Field 'value' doesn't have a default value"}
2025-12-16 03:37:02 in {"event":"PAYMENT_CHECKOUT_VIEWED","paymentId":"pay_voblj0be9s0px91m","status":"RECEIVED","subscription":"sub_xsav0p2t5ildyl6v"}
2025-12-16 03:37:02 fatal {"err":"SQLSTATE[HY000]: General error: 1364 Field 'value' doesn't have a default value"}
2025-12-16 03:37:59 in {"event":"PAYMENT_CREATED","paymentId":"pay_4zudjhqumiigj980","status":"PENDING","subscription":"sub_gvixmhszusg4kzsy"}
2025-12-16 03:37:59 fatal {"err":"SQLSTATE[HY000]: General error: 1364 Field 'value' doesn't have a default value"}
2025-12-16 03:38:04 missing_payment {"event":"SUBSCRIPTION_CREATED","payload":{"id":"evt_6561b631fa5580caadd00bbe3b858607&13213255","event":"SUBSCRIPTION_CREATED","dateCreated":"2025-12-16 00:37:55","subscription":{"object":"subscription","id":"sub_gvixmhszusg4kzsy","dateCreated":"16/12/2025","customer":"cus_000006966387","paymentLink":null,"value":39.9,"nextDueDate":"17/01/2026","cycle":"MONTHLY","description":null,"billingType":"BOLETO","deleted":false,"status":"ACTIVE","externalReference":null,"checkoutSession":null,"sendPaymentByPostalService":false,"fine":{"value":0,"type":"FIXED"},"interest":{"value":0,"type":"PERCENTAGE"},"split":null}}}
2025-12-16 03:38:21 in {"event":"PAYMENT_CHECKOUT_VIEWED","paymentId":"pay_4zudjhqumiigj980","status":"PENDING","subscription":"sub_gvixmhszusg4kzsy"}
2025-12-16 03:38:21 fatal {"err":"SQLSTATE[HY000]: General error: 1364 Field 'value' doesn't have a default value"}
2025-12-16 03:39:33 in {"event":"PAYMENT_RECEIVED","paymentId":"pay_4zudjhqumiigj980","status":"RECEIVED","subscription":"sub_gvixmhszusg4kzsy"}
2025-12-16 03:39:36 fatal {"err":"SQLSTATE[HY000]: General error: 1364 Field 'value' doesn't have a default value"}
2025-12-16 03:55:06 in {"event":"PAYMENT_CREATED","paymentId":"pay_w4mndirmvly7smke","status":"PENDING","subscription":"sub_ebyr7rgyfyqecwv5"}
2025-12-16 03:55:09 fatal {"err":"SQLSTATE[HY000]: General error: 1364 Field 'value' doesn't have a default value"}
